<?xml version="1.0" encoding="UTF-8"?>
<!-- Generated by org.testng.reporters.JUnitXMLReporter -->
<testsuite ignored="20" hostname="MIIPL_ON_Sharmila_Shelke" failures="0" tests="1" name="Default test" time="61.711" errors="0" timestamp="2025-03-10T18:46:22 IST">
  <testcase classname="ESAF.Portal.TestCases.ESAF_ServiceRequest_Testcases" name="@AfterClass tearDown" time="0.408">
    <failure type="java.lang.NullPointerException" message="Cannot invoke &amp;quot;org.apache.poi.xwpf.usermodel.XWPFDocument.write(java.io.OutputStream)&amp;quot; because &amp;quot;ESAF.Portal.Resorces.Utility$TextFileLogger.document&amp;quot; is null">
      <![CDATA[java.lang.NullPointerException: Cannot invoke "org.apache.poi.xwpf.usermodel.XWPFDocument.write(java.io.OutputStream)" because "ESAF.Portal.Resorces.Utility$TextFileLogger.document" is null
at ESAF.Portal.Resorces.Utility$TextFileLogger.closeLogger(Utility.java:793)
at ESAF.Portal.TestCases.ESAF_ServiceRequest_Testcases.tearDown(ESAF_ServiceRequest_Testcases.java:384)
at java.base/jdk.internal.reflect.NativeMethodAccessorImpl.invoke0(Native Method)
at java.base/jdk.internal.reflect.NativeMethodAccessorImpl.invoke(NativeMethodAccessorImpl.java:77)
at java.base/jdk.internal.reflect.DelegatingMethodAccessorImpl.invoke(DelegatingMethodAccessorImpl.java:43)
at java.base/java.lang.reflect.Method.invoke(Method.java:568)
at org.testng.internal.MethodInvocationHelper.invokeMethod(MethodInvocationHelper.java:133)
at org.testng.internal.MethodInvocationHelper.invokeMethodConsideringTimeout(MethodInvocationHelper.java:62)
at org.testng.internal.ConfigInvoker.invokeConfigurationMethod(ConfigInvoker.java:385)
at org.testng.internal.ConfigInvoker.invokeConfigurations(ConfigInvoker.java:321)
at org.testng.internal.TestMethodWorker.invokeAfterClassMethods(TestMethodWorker.java:217)
at org.testng.internal.TestMethodWorker.run(TestMethodWorker.java:130)
at java.base/java.util.ArrayList.forEach(ArrayList.java:1511)
at org.testng.TestRunner.privateRun(TestRunner.java:794)
at org.testng.TestRunner.run(TestRunner.java:596)
at org.testng.SuiteRunner.runTest(SuiteRunner.java:377)
at org.testng.SuiteRunner.runSequentially(SuiteRunner.java:371)
at org.testng.SuiteRunner.privateRun(SuiteRunner.java:332)
at org.testng.SuiteRunner.run(SuiteRunner.java:276)
at org.testng.SuiteRunnerWorker.runSuite(SuiteRunnerWorker.java:53)
at org.testng.SuiteRunnerWorker.run(SuiteRunnerWorker.java:96)
at org.testng.TestNG.runSuitesSequentially(TestNG.java:1212)
at org.testng.TestNG.runSuitesLocally(TestNG.java:1134)
at org.testng.TestNG.runSuites(TestNG.java:1063)
at org.testng.TestNG.run(TestNG.java:1031)
at org.testng.remote.AbstractRemoteTestNG.run(AbstractRemoteTestNG.java:115)
at org.testng.remote.RemoteTestNG.initAndRun(RemoteTestNG.java:293)
at org.testng.remote.RemoteTestNG.main(RemoteTestNG.java:91)
]]>
    </failure>
  </testcase> <!-- @AfterClass tearDown -->
  <testcase classname="ESAF.Portal.TestCases.ESAF_ServiceRequest_Testcases" name="Bankuser_create_agent_Request_contact" time="47.681"/>
  <testcase classname="ESAF.Portal.TestCases.ESAF_ServiceRequest_Testcases" name="Bankuser_create_agent_Request_RevokePan" time="0.0">
    <ignored/>
  </testcase> <!-- Bankuser_create_agent_Request_RevokePan -->
  <testcase classname="ESAF.Portal.TestCases.ESAF_ServiceRequest_Testcases" name="Aggregator_Login_Agent_RevokePan_Request" time="0.0">
    <ignored/>
  </testcase> <!-- Aggregator_Login_Agent_RevokePan_Request -->
  <testcase classname="ESAF.Portal.TestCases.ESAF_ServiceRequest_Testcases" name="Bankuser_create_agent_Request_FathermotherspouseName" time="0.0">
    <ignored/>
  </testcase> <!-- Bankuser_create_agent_Request_FathermotherspouseName -->
  <testcase classname="ESAF.Portal.TestCases.ESAF_ServiceRequest_Testcases" name="Aggregator_Login_Agent_Terminate_Request" time="0.0">
    <ignored/>
  </testcase> <!-- Aggregator_Login_Agent_Terminate_Request -->
  <testcase classname="ESAF.Portal.TestCases.ESAF_ServiceRequest_Testcases" name="Aggregator_Login_Agent_Activate_Request" time="0.0">
    <ignored/>
  </testcase> <!-- Aggregator_Login_Agent_Activate_Request -->
  <testcase classname="ESAF.Portal.TestCases.ESAF_ServiceRequest_Testcases" name="Bankuser_create_agent_Request_EducationalQualification" time="0.0">
    <ignored/>
  </testcase> <!-- Bankuser_create_agent_Request_EducationalQualification -->
  <testcase classname="ESAF.Portal.TestCases.ESAF_ServiceRequest_Testcases" name="Aggregator_Login_Aggregator_Reset_Request" time="0.0">
    <ignored/>
  </testcase> <!-- Aggregator_Login_Aggregator_Reset_Request -->
  <testcase classname="ESAF.Portal.TestCases.ESAF_ServiceRequest_Testcases" name="Aggregator_Login_Aggregator_Active_Request" time="0.0">
    <ignored/>
  </testcase> <!-- Aggregator_Login_Aggregator_Active_Request -->
  <testcase classname="ESAF.Portal.TestCases.ESAF_ServiceRequest_Testcases" name="Bankuser_create_agent_Request_Terminate" time="0.0">
    <ignored/>
  </testcase> <!-- Bankuser_create_agent_Request_Terminate -->
  <testcase classname="ESAF.Portal.TestCases.ESAF_ServiceRequest_Testcases" name="Bankuser_create_agent_Request_Address" time="0.0">
    <ignored/>
  </testcase> <!-- Bankuser_create_agent_Request_Address -->
  <testcase classname="ESAF.Portal.TestCases.ESAF_ServiceRequest_Testcases" name="Bankuser_create_agent_Request_All" time="0.0">
    <ignored/>
  </testcase> <!-- Bankuser_create_agent_Request_All -->
  <testcase classname="ESAF.Portal.TestCases.ESAF_ServiceRequest_Testcases" name="Bankuser_create_agent_Request_Deactivate" time="0.0">
    <ignored/>
  </testcase> <!-- Bankuser_create_agent_Request_Deactivate -->
  <testcase classname="ESAF.Portal.TestCases.ESAF_ServiceRequest_Testcases" name="Aggregator_Login_Agent_Deactivate_Request" time="0.0">
    <ignored/>
  </testcase> <!-- Aggregator_Login_Agent_Deactivate_Request -->
  <testcase classname="ESAF.Portal.TestCases.ESAF_ServiceRequest_Testcases" name="Bankuser_create_agent_Request_Account" time="0.0">
    <ignored/>
  </testcase> <!-- Bankuser_create_agent_Request_Account -->
  <testcase classname="ESAF.Portal.TestCases.ESAF_ServiceRequest_Testcases" name="Bankuser_create_agent_Request_Reset" time="0.0">
    <ignored/>
  </testcase> <!-- Bankuser_create_agent_Request_Reset -->
  <testcase classname="ESAF.Portal.TestCases.ESAF_ServiceRequest_Testcases" name="Bankuser_create_agent_Request_Name" time="0.0">
    <ignored/>
  </testcase> <!-- Bankuser_create_agent_Request_Name -->
  <testcase classname="ESAF.Portal.TestCases.ESAF_ServiceRequest_Testcases" name="Aggregator_Login_Aggregator_All_Request" time="0.0">
    <ignored/>
  </testcase> <!-- Aggregator_Login_Aggregator_All_Request -->
  <testcase classname="ESAF.Portal.TestCases.ESAF_ServiceRequest_Testcases" name="Bankuser_create_agent_Request_Email" time="0.0">
    <ignored/>
  </testcase> <!-- Bankuser_create_agent_Request_Email -->
  <testcase classname="ESAF.Portal.TestCases.ESAF_ServiceRequest_Testcases" name="Aggregator_Login_Aggregator_Deactive_Request" time="0.0">
    <ignored/>
  </testcase> <!-- Aggregator_Login_Aggregator_Deactive_Request -->
  <testcase classname="ESAF.Portal.TestCases.ESAF_ServiceRequest_Testcases" name="Aggregator_Login_Aggregator_Terminate_Request" time="0.0">
    <ignored/>
  </testcase> <!-- Aggregator_Login_Aggregator_Terminate_Request -->
</testsuite> <!-- Default test -->
