<?xml version="1.0" encoding="UTF-8"?>
<!-- Generated by org.testng.reporters.JUnitReportReporter -->
<testsuite hostname="MIIPL_ON_Sharmila_Shelke" failures="0" tests="2" name="ESAF.Portal.TestCases.ESAF_ServiceRequest_Testcases" time="48.089" errors="1" timestamp="2025-03-10T18:46:22 IST" skipped="0">
  <testcase classname="ESAF.Portal.TestCases.ESAF_ServiceRequest_Testcases" name="tearDown" time="0.408">
    <error message="Cannot invoke &quot;org.apache.poi.xwpf.usermodel.XWPFDocument.write(java.io.OutputStream)&quot; because &quot;ESAF.Portal.Resorces.Utility$TextFileLogger.document&quot; is null" type="java.lang.NullPointerException">
      <![CDATA[java.lang.NullPointerException: Cannot invoke "org.apache.poi.xwpf.usermodel.XWPFDocument.write(java.io.OutputStream)" because "ESAF.Portal.Resorces.Utility$TextFileLogger.document" is null
at ESAF.Portal.Resorces.Utility$TextFileLogger.closeLogger(Utility.java:793)
at ESAF.Portal.TestCases.ESAF_ServiceRequest_Testcases.tearDown(ESAF_ServiceRequest_Testcases.java:384)
at java.base/jdk.internal.reflect.NativeMethodAccessorImpl.invoke0(Native Method)
at java.base/jdk.internal.reflect.NativeMethodAccessorImpl.invoke(NativeMethodAccessorImpl.java:77)
at java.base/jdk.internal.reflect.DelegatingMethodAccessorImpl.invoke(DelegatingMethodAccessorImpl.java:43)
at java.base/java.lang.reflect.Method.invoke(Method.java:568)
at org.testng.internal.MethodInvocationHelper.invokeMethod(MethodInvocationHelper.java:133)
at org.testng.internal.MethodInvocationHelper.invokeMethodConsideringTimeout(MethodInvocationHelper.java:62)
at org.testng.internal.ConfigInvoker.invokeConfigurationMethod(ConfigInvoker.java:385)
at org.testng.internal.ConfigInvoker.invokeConfigurations(ConfigInvoker.java:321)
at org.testng.internal.TestMethodWorker.invokeAfterClassMethods(TestMethodWorker.java:217)
at org.testng.internal.TestMethodWorker.run(TestMethodWorker.java:130)
at java.base/java.util.ArrayList.forEach(ArrayList.java:1511)
at org.testng.TestRunner.privateRun(TestRunner.java:794)
at org.testng.TestRunner.run(TestRunner.java:596)
at org.testng.SuiteRunner.runTest(SuiteRunner.java:377)
at org.testng.SuiteRunner.runSequentially(SuiteRunner.java:371)
at org.testng.SuiteRunner.privateRun(SuiteRunner.java:332)
at org.testng.SuiteRunner.run(SuiteRunner.java:276)
at org.testng.SuiteRunnerWorker.runSuite(SuiteRunnerWorker.java:53)
at org.testng.SuiteRunnerWorker.run(SuiteRunnerWorker.java:96)
at org.testng.TestNG.runSuitesSequentially(TestNG.java:1212)
at org.testng.TestNG.runSuitesLocally(TestNG.java:1134)
at org.testng.TestNG.runSuites(TestNG.java:1063)
at org.testng.TestNG.run(TestNG.java:1031)
at org.testng.remote.AbstractRemoteTestNG.run(AbstractRemoteTestNG.java:115)
at org.testng.remote.RemoteTestNG.initAndRun(RemoteTestNG.java:293)
at org.testng.remote.RemoteTestNG.main(RemoteTestNG.java:91)
]]>
    </error>
  </testcase> <!-- tearDown -->
  <system-out/>
  <testcase classname="ESAF.Portal.TestCases.ESAF_ServiceRequest_Testcases" name="Bankuser_create_agent_Request_contact" time="47.681"/>
  <system-out/>
</testsuite> <!-- ESAF.Portal.TestCases.ESAF_ServiceRequest_Testcases -->
